# JRE version: Java(TM) SE Runtime Environment (8.0_192-b12) (build 1.8.0_192-b12)
# Java VM: Java HotSpot(TM) 64-Bit Server VM (25.192-b12 mixed mode windows-amd64 compressed oops)
Heap:
 PSYoungGen      total 205312K, used 72446K [0x000000076dc00000, 0x000000077d100000, 0x00000007c0000000)
  eden space 169472K, 21% used [0x000000076dc00000,0x000000077003e110,0x0000000778180000)
  from space 35840K, 98% used [0x000000077a880000,0x000000077cb01868,0x000000077cb80000)
  to   space 39936K, 0% used [0x0000000778180000,0x0000000778180000,0x000000077a880000)
 ParOldGen       total 132096K, used 52990K [0x00000006c9400000, 0x00000006d1500000, 0x000000076dc00000)
  object space 132096K, 40% used [0x00000006c9400000,0x00000006cc7bfa28,0x00000006d1500000)
 Metaspace       used 29710K, capacity 30640K, committed 30848K, reserved 1077248K
  class space    used 3293K, capacity 3595K, committed 3712K, reserved 1048576K
GC Heap History (10 events):
Event: 12.960 GC heap before
{Heap before GC invocations=9 (full 1):
 PSYoungGen      total 137728K, used 137720K [0x000000076dc00000, 0x0000000777800000, 0x00000007c0000000)
  eden space 120832K, 100% used [0x000000076dc00000,0x0000000775200000,0x0000000775200000)
  from space 16896K, 99% used [0x0000000775580000,0x00000007765fe260,0x0000000776600000)
  to   space 18432K, 0% used [0x0000000776600000,0x0000000776600000,0x0000000777800000)
 ParOldGen       total 132096K, used 24235K [0x00000006c9400000, 0x00000006d1500000, 0x000000076dc00000)
  object space 132096K, 18% used [0x00000006c9400000,0x00000006cabaaee8,0x00000006d1500000)
 Metaspace       used 27978K, capacity 28796K, committed 29056K, reserved 1075200K
  class space    used 3200K, capacity 3437K, committed 3456K, reserved 1048576K
Event: 12.984 GC heap after
Heap after GC invocations=9 (full 1):
 PSYoungGen      total 133120K, used 18425K [0x000000076dc00000, 0x000000077b200000, 0x00000007c0000000)
  eden space 114688K, 0% used [0x000000076dc00000,0x000000076dc00000,0x0000000774c00000)
  from space 18432K, 99% used [0x0000000776600000,0x00000007777fe680,0x0000000777800000)
  to   space 26624K, 0% used [0x0000000774c00000,0x0000000774c00000,0x0000000776600000)
 ParOldGen       total 132096K, used 37422K [0x00000006c9400000, 0x00000006d1500000, 0x000000076dc00000)
  object space 132096K, 28% used [0x00000006c9400000,0x00000006cb88bbe8,0x00000006d1500000)
 Metaspace       used 27978K, capacity 28796K, committed 29056K, reserved 1075200K
  class space    used 3200K, capacity 3437K, committed 3456K, reserved 1048576K
}
Event: 14.768 GC heap before
{Heap before GC invocations=10 (full 1):
 PSYoungGen      total 133120K, used 133113K [0x000000076dc00000, 0x000000077b200000, 0x00000007c0000000)
  eden space 114688K, 100% used [0x000000076dc00000,0x0000000774c00000,0x0000000774c00000)
  from space 18432K, 99% used [0x0000000776600000,0x00000007777fe680,0x0000000777800000)
  to   space 26624K, 0% used [0x0000000774c00000,0x0000000774c00000,0x0000000776600000)
 ParOldGen       total 132096K, used 37422K [0x00000006c9400000, 0x00000006d1500000, 0x000000076dc00000)
  object space 132096K, 28% used [0x00000006c9400000,0x00000006cb88bbe8,0x00000006d1500000)
 Metaspace       used 28518K, capacity 29528K, committed 29824K, reserved 1075200K
  class space    used 3261K, capacity 3591K, committed 3712K, reserved 1048576K
Event: 14.786 GC heap after
Heap after GC invocations=10 (full 1):
 PSYoungGen      total 141312K, used 22357K [0x000000076dc00000, 0x0000000779b80000, 0x00000007c0000000)
  eden space 114688K, 0% used [0x000000076dc00000,0x000000076dc00000,0x0000000774c00000)
  from space 26624K, 83% used [0x0000000774c00000,0x00000007761d55a0,0x0000000776600000)
  to   space 28160K, 0% used [0x0000000778000000,0x0000000778000000,0x0000000779b80000)
 ParOldGen       total 132096K, used 37430K [0x00000006c9400000, 0x00000006d1500000, 0x000000076dc00000)
  object space 132096K, 28% used [0x00000006c9400000,0x00000006cb88dbe8,0x00000006d1500000)
 Metaspace       used 28518K, capacity 29528K, committed 29824K, reserved 1075200K
  class space    used 3261K, capacity 3591K, committed 3712K, reserved 1048576K
}
Event: 15.501 GC heap before
{Heap before GC invocations=11 (full 1):
 PSYoungGen      total 141312K, used 137045K [0x000000076dc00000, 0x0000000779b80000, 0x00000007c0000000)
  eden space 114688K, 100% used [0x000000076dc00000,0x0000000774c00000,0x0000000774c00000)
  from space 26624K, 83% used [0x0000000774c00000,0x00000007761d55a0,0x0000000776600000)
  to   space 28160K, 0% used [0x0000000778000000,0x0000000778000000,0x0000000779b80000)
 ParOldGen       total 132096K, used 37430K [0x00000006c9400000, 0x00000006d1500000, 0x000000076dc00000)
  object space 132096K, 28% used [0x00000006c9400000,0x00000006cb88dbe8,0x00000006d1500000)
 Metaspace       used 28600K, capacity 29674K, committed 29824K, reserved 1075200K
  class space    used 3262K, capacity 3594K, committed 3712K, reserved 1048576K
Event: 15.525 GC heap after
Heap after GC invocations=11 (full 1):
 PSYoungGen      total 166400K, used 23862K [0x000000076dc00000, 0x000000077a400000, 0x00000007c0000000)
  eden space 138240K, 0% used [0x000000076dc00000,0x000000076dc00000,0x0000000776300000)
  from space 28160K, 84% used [0x0000000778000000,0x000000077974da90,0x0000000779b80000)
  to   space 29696K, 0% used [0x0000000776300000,0x0000000776300000,0x0000000778000000)
 ParOldGen       total 132096K, used 37438K [0x00000006c9400000, 0x00000006d1500000, 0x000000076dc00000)
  object space 132096K, 28% used [0x00000006c9400000,0x00000006cb88fbe8,0x00000006d1500000)
 Metaspace       used 28600K, capacity 29674K, committed 29824K, reserved 1075200K
  class space    used 3262K, capacity 3594K, committed 3712K, reserved 1048576K
}
Event: 18.076 GC heap before
{Heap before GC invocations=12 (full 1):
 PSYoungGen      total 166400K, used 162102K [0x000000076dc00000, 0x000000077a400000, 0x00000007c0000000)
  eden space 138240K, 100% used [0x000000076dc00000,0x0000000776300000,0x0000000776300000)
  from space 28160K, 84% used [0x0000000778000000,0x000000077974da90,0x0000000779b80000)
  to   space 29696K, 0% used [0x0000000776300000,0x0000000776300000,0x0000000778000000)
 ParOldGen       total 132096K, used 37438K [0x00000006c9400000, 0x00000006d1500000, 0x000000076dc00000)
  object space 132096K, 28% used [0x00000006c9400000,0x00000006cb88fbe8,0x00000006d1500000)
 Metaspace       used 29035K, capacity 30058K, committed 30336K, reserved 1075200K
  class space    used 3283K, capacity 3594K, committed 3712K, reserved 1048576K
Event: 18.110 GC heap after
Heap after GC invocations=12 (full 1):
 PSYoungGen      total 167936K, used 29668K [0x000000076dc00000, 0x000000077cb80000, 0x00000007c0000000)
  eden space 138240K, 0% used [0x000000076dc00000,0x000000076dc00000,0x0000000776300000)
  from space 29696K, 99% used [0x0000000776300000,0x0000000777ff90c0,0x0000000778000000)
  to   space 35840K, 0% used [0x000000077a880000,0x000000077a880000,0x000000077cb80000)
 ParOldGen       total 132096K, used 44924K [0x00000006c9400000, 0x00000006d1500000, 0x000000076dc00000)
  object space 132096K, 34% used [0x00000006c9400000,0x00000006cbfdf398,0x00000006d1500000)
 Metaspace       used 29035K, capacity 30058K, committed 30336K, reserved 1075200K
  class space    used 3283K, capacity 3594K, committed 3712K, reserved 1048576K
}
Event: 23.760 GC heap before
{Heap before GC invocations=13 (full 1):
 PSYoungGen      total 167936K, used 167908K [0x000000076dc00000, 0x000000077cb80000, 0x00000007c0000000)
  eden space 138240K, 100% used [0x000000076dc00000,0x0000000776300000,0x0000000776300000)
  from space 29696K, 99% used [0x0000000776300000,0x0000000777ff90c0,0x0000000778000000)
  to   space 35840K, 0% used [0x000000077a880000,0x000000077a880000,0x000000077cb80000)
 ParOldGen       total 132096K, used 44924K [0x00000006c9400000, 0x00000006d1500000, 0x000000076dc00000)
  object space 132096K, 34% used [0x00000006c9400000,0x00000006cbfdf398,0x00000006d1500000)
 Metaspace       used 29657K, capacity 30634K, committed 30848K, reserved 1077248K
  class space    used 3292K, capacity 3594K, committed 3712K, reserved 1048576K
Event: 23.812 GC heap after
Heap after GC invocations=13 (full 1):
 PSYoungGen      total 205312K, used 35334K [0x000000076dc00000, 0x000000077d100000, 0x00000007c0000000)
  eden space 169472K, 0% used [0x000000076dc00000,0x000000076dc00000,0x0000000778180000)
  from space 35840K, 98% used [0x000000077a880000,0x000000077cb01868,0x000000077cb80000)
  to   space 39936K, 0% used [0x0000000778180000,0x0000000778180000,0x000000077a880000)
 ParOldGen       total 132096K, used 52990K [0x00000006c9400000, 0x00000006d1500000, 0x000000076dc00000)
  object space 132096K, 40% used [0x00000006c9400000,0x00000006cc7bfa28,0x00000006d1500000)
 Metaspace       used 29657K, capacity 30634K, committed 30848K, reserved 1077248K
  class space    used 3292K, capacity 3594K, committed 3712K, reserved 1048576K
}

